# JRE version: Java(TM) SE Runtime Environment (8.0_25-b18) (build 1.8.0_25-b18)
# Java VM: Java HotSpot(TM) 64-Bit Server VM (25.25-b02 mixed mode windows-amd64 compressed oops)
Heap:
 PSYoungGen      total 135680K, used 90520K [0x00000000d5b00000, 0x00000000e6500000, 0x0000000100000000)
  eden space 133120K, 67% used [0x00000000d5b00000,0x00000000db366210,0x00000000ddd00000)
  from space 2560K, 0% used [0x00000000ddd00000,0x00000000ddd00000,0x00000000ddf80000)
  to   space 3072K, 0% used [0x00000000e6200000,0x00000000e6200000,0x00000000e6500000)
 ParOldGen       total 295936K, used 250273K [0x0000000081000000, 0x0000000093100000, 0x00000000d5b00000)
  object space 295936K, 84% used [0x0000000081000000,0x0000000090468670,0x0000000093100000)
 Metaspace       used 8717K, capacity 8887K, committed 8960K, reserved 1056768K
  class space    used 928K, capacity 982K, committed 1024K, reserved 1048576K
GC Heap History (10 events):
Event: 1.880 GC heap before
{Heap before GC invocations=3 (full 0):
 PSYoungGen      total 38400K, used 34962K [0x00000000d5b00000, 0x00000000d8580000, 0x0000000100000000)
  eden space 33280K, 100% used [0x00000000d5b00000,0x00000000d7b80000,0x00000000d7b80000)
  from space 5120K, 32% used [0x00000000d8080000,0x00000000d8224910,0x00000000d8580000)
  to   space 5120K, 0% used [0x00000000d7b80000,0x00000000d7b80000,0x00000000d8080000)
 ParOldGen       total 295936K, used 248676K [0x0000000081000000, 0x0000000093100000, 0x00000000d5b00000)
  object space 295936K, 84% used [0x0000000081000000,0x00000000902d9140,0x0000000093100000)
 Metaspace       used 8582K, capacity 8663K, committed 8960K, reserved 1056768K
  class space    used 906K, capacity 950K, committed 1024K, reserved 1048576K
Event: 1.882 GC heap after
Heap after GC invocations=3 (full 0):
 PSYoungGen      total 38400K, used 1632K [0x00000000d5b00000, 0x00000000da600000, 0x0000000100000000)
  eden space 33280K, 0% used [0x00000000d5b00000,0x00000000d5b00000,0x00000000d7b80000)
  from space 5120K, 31% used [0x00000000d7b80000,0x00000000d7d18000,0x00000000d8080000)
  to   space 5120K, 0% used [0x00000000da100000,0x00000000da100000,0x00000000da600000)
 ParOldGen       total 295936K, used 248684K [0x0000000081000000, 0x0000000093100000, 0x00000000d5b00000)
  object space 295936K, 84% used [0x0000000081000000,0x00000000902db140,0x0000000093100000)
 Metaspace       used 8582K, capacity 8663K, committed 8960K, reserved 1056768K
  class space    used 906K, capacity 950K, committed 1024K, reserved 1048576K
}
Event: 1.922 GC heap before
{Heap before GC invocations=4 (full 0):
 PSYoungGen      total 38400K, used 34912K [0x00000000d5b00000, 0x00000000da600000, 0x0000000100000000)
  eden space 33280K, 100% used [0x00000000d5b00000,0x00000000d7b80000,0x00000000d7b80000)
  from space 5120K, 31% used [0x00000000d7b80000,0x00000000d7d18000,0x00000000d8080000)
  to   space 5120K, 0% used [0x00000000da100000,0x00000000da100000,0x00000000da600000)
 ParOldGen       total 295936K, used 248684K [0x0000000081000000, 0x0000000093100000, 0x00000000d5b00000)
  object space 295936K, 84% used [0x0000000081000000,0x00000000902db140,0x0000000093100000)
 Metaspace       used 8582K, capacity 8663K, committed 8960K, reserved 1056768K
  class space    used 906K, capacity 950K, committed 1024K, reserved 1048576K
Event: 1.924 GC heap after
Heap after GC invocations=4 (full 0):
 PSYoungGen      total 71680K, used 1632K [0x00000000d5b00000, 0x00000000da600000, 0x0000000100000000)
  eden space 66560K, 0% used [0x00000000d5b00000,0x00000000d5b00000,0x00000000d9c00000)
  from space 5120K, 31% used [0x00000000da100000,0x00000000da298020,0x00000000da600000)
  to   space 5120K, 0% used [0x00000000d9c00000,0x00000000d9c00000,0x00000000da100000)
 ParOldGen       total 295936K, used 248684K [0x0000000081000000, 0x0000000093100000, 0x00000000d5b00000)
  object space 295936K, 84% used [0x0000000081000000,0x00000000902db140,0x0000000093100000)
 Metaspace       used 8582K, capacity 8663K, committed 8960K, reserved 1056768K
  class space    used 906K, capacity 950K, committed 1024K, reserved 1048576K
}
Event: 2.015 GC heap before
{Heap before GC invocations=5 (full 0):
 PSYoungGen      total 71680K, used 68192K [0x00000000d5b00000, 0x00000000da600000, 0x0000000100000000)
  eden space 66560K, 100% used [0x00000000d5b00000,0x00000000d9c00000,0x00000000d9c00000)
  from space 5120K, 31% used [0x00000000da100000,0x00000000da298020,0x00000000da600000)
  to   space 5120K, 0% used [0x00000000d9c00000,0x00000000d9c00000,0x00000000da100000)
 ParOldGen       total 295936K, used 248684K [0x0000000081000000, 0x0000000093100000, 0x00000000d5b00000)
  object space 295936K, 84% used [0x0000000081000000,0x00000000902db140,0x0000000093100000)
 Metaspace       used 8582K, capacity 8663K, committed 8960K, reserved 1056768K
  class space    used 906K, capacity 950K, committed 1024K, reserved 1048576K
Event: 2.017 GC heap after
Heap after GC invocations=5 (full 0):
 PSYoungGen      total 71680K, used 1664K [0x00000000d5b00000, 0x00000000de300000, 0x0000000100000000)
  eden space 66560K, 0% used [0x00000000d5b00000,0x00000000d5b00000,0x00000000d9c00000)
  from space 5120K, 32% used [0x00000000d9c00000,0x00000000d9da0020,0x00000000da100000)
  to   space 3072K, 0% used [0x00000000de000000,0x00000000de000000,0x00000000de300000)
 ParOldGen       total 295936K, used 248684K [0x0000000081000000, 0x0000000093100000, 0x00000000d5b00000)
  object space 295936K, 84% used [0x0000000081000000,0x00000000902db140,0x0000000093100000)
 Metaspace       used 8582K, capacity 8663K, committed 8960K, reserved 1056768K
  class space    used 906K, capacity 950K, committed 1024K, reserved 1048576K
}
Event: 2.099 GC heap before
{Heap before GC invocations=6 (full 0):
 PSYoungGen      total 71680K, used 68224K [0x00000000d5b00000, 0x00000000de300000, 0x0000000100000000)
  eden space 66560K, 100% used [0x00000000d5b00000,0x00000000d9c00000,0x00000000d9c00000)
  from space 5120K, 32% used [0x00000000d9c00000,0x00000000d9da0020,0x00000000da100000)
  to   space 3072K, 0% used [0x00000000de000000,0x00000000de000000,0x00000000de300000)
 ParOldGen       total 295936K, used 248684K [0x0000000081000000, 0x0000000093100000, 0x00000000d5b00000)
  object space 295936K, 84% used [0x0000000081000000,0x00000000902db140,0x0000000093100000)
 Metaspace       used 8582K, capacity 8663K, committed 8960K, reserved 1056768K
  class space    used 906K, capacity 950K, committed 1024K, reserved 1048576K
Event: 2.101 GC heap after
Heap after GC invocations=6 (full 0):
 PSYoungGen      total 135168K, used 1632K [0x00000000d5b00000, 0x00000000de200000, 0x0000000100000000)
  eden space 133120K, 0% used [0x00000000d5b00000,0x00000000d5b00000,0x00000000ddd00000)
  from space 2048K, 79% used [0x00000000de000000,0x00000000de198020,0x00000000de200000)
  to   space 2560K, 0% used [0x00000000ddd00000,0x00000000ddd00000,0x00000000ddf80000)
 ParOldGen       total 295936K, used 248684K [0x0000000081000000, 0x0000000093100000, 0x00000000d5b00000)
  object space 295936K, 84% used [0x0000000081000000,0x00000000902db140,0x0000000093100000)
 Metaspace       used 8582K, capacity 8663K, committed 8960K, reserved 1056768K
  class space    used 906K, capacity 950K, committed 1024K, reserved 1048576K
}
Event: 2.282 GC heap before
{Heap before GC invocations=7 (full 0):
 PSYoungGen      total 135168K, used 134752K [0x00000000d5b00000, 0x00000000de200000, 0x0000000100000000)
  eden space 133120K, 100% used [0x00000000d5b00000,0x00000000ddd00000,0x00000000ddd00000)
  from space 2048K, 79% used [0x00000000de000000,0x00000000de198020,0x00000000de200000)
  to   space 2560K, 0% used [0x00000000ddd00000,0x00000000ddd00000,0x00000000ddf80000)
 ParOldGen       total 295936K, used 248684K [0x0000000081000000, 0x0000000093100000, 0x00000000d5b00000)
  object space 295936K, 84% used [0x0000000081000000,0x00000000902db140,0x0000000093100000)
 Metaspace       used 8582K, capacity 8663K, committed 8960K, reserved 1056768K
  class space    used 906K, capacity 950K, committed 1024K, reserved 1048576K
Event: 2.284 GC heap after
Heap after GC invocations=7 (full 0):
 PSYoungGen      total 135680K, used 0K [0x00000000d5b00000, 0x00000000e6500000, 0x0000000100000000)
  eden space 133120K, 0% used [0x00000000d5b00000,0x00000000d5b00000,0x00000000ddd00000)
  from space 2560K, 0% used [0x00000000ddd00000,0x00000000ddd00000,0x00000000ddf80000)
  to   space 3072K, 0% used [0x00000000e6200000,0x00000000e6200000,0x00000000e6500000)
 ParOldGen       total 295936K, used 250273K [0x0000000081000000, 0x0000000093100000, 0x00000000d5b00000)
  object space 295936K, 84% used [0x0000000081000000,0x0000000090468670,0x0000000093100000)
 Metaspace       used 8582K, capacity 8663K, committed 8960K, reserved 1056768K
  class space    used 906K, capacity 950K, committed 1024K, reserved 1048576K
}

