# JRE version: Java(TM) SE Runtime Environment (8.0_25-b18) (build 1.8.0_25-b18)
# Java VM: Java HotSpot(TM) 64-Bit Server VM (25.25-b02 mixed mode windows-amd64 compressed oops)
Heap:
 PSYoungGen      total 135680K, used 90520K [0x00000000d5b00000, 0x00000000e6500000, 0x0000000100000000)
  eden space 133120K, 67% used [0x00000000d5b00000,0x00000000db366210,0x00000000ddd00000)
  from space 2560K, 0% used [0x00000000ddd00000,0x00000000ddd00000,0x00000000ddf80000)
  to   space 3072K, 0% used [0x00000000e6200000,0x00000000e6200000,0x00000000e6500000)
 ParOldGen       total 295936K, used 250317K [0x0000000081000000, 0x0000000093100000, 0x00000000d5b00000)
  object space 295936K, 84% used [0x0000000081000000,0x0000000090473480,0x0000000093100000)
 Metaspace       used 8759K, capacity 8887K, committed 8960K, reserved 1056768K
  class space    used 932K, capacity 982K, committed 1024K, reserved 1048576K
GC Heap History (10 events):
Event: 1.738 GC heap before
{Heap before GC invocations=3 (full 0):
 PSYoungGen      total 38400K, used 35000K [0x00000000d5b00000, 0x00000000d8580000, 0x0000000100000000)
  eden space 33280K, 100% used [0x00000000d5b00000,0x00000000d7b80000,0x00000000d7b80000)
  from space 5120K, 33% used [0x00000000d8080000,0x00000000d822e178,0x00000000d8580000)
  to   space 5120K, 0% used [0x00000000d7b80000,0x00000000d7b80000,0x00000000d8080000)
 ParOldGen       total 295936K, used 248676K [0x0000000081000000, 0x0000000093100000, 0x00000000d5b00000)
  object space 295936K, 84% used [0x0000000081000000,0x00000000902d9140,0x0000000093100000)
 Metaspace       used 8582K, capacity 8663K, committed 8960K, reserved 1056768K
  class space    used 906K, capacity 950K, committed 1024K, reserved 1048576K
Event: 1.739 GC heap after
Heap after GC invocations=3 (full 0):
 PSYoungGen      total 38400K, used 1672K [0x00000000d5b00000, 0x00000000da600000, 0x0000000100000000)
  eden space 33280K, 0% used [0x00000000d5b00000,0x00000000d5b00000,0x00000000d7b80000)
  from space 5120K, 32% used [0x00000000d7b80000,0x00000000d7d22188,0x00000000d8080000)
  to   space 5120K, 0% used [0x00000000da100000,0x00000000da100000,0x00000000da600000)
 ParOldGen       total 295936K, used 248684K [0x0000000081000000, 0x0000000093100000, 0x00000000d5b00000)
  object space 295936K, 84% used [0x0000000081000000,0x00000000902db140,0x0000000093100000)
 Metaspace       used 8582K, capacity 8663K, committed 8960K, reserved 1056768K
  class space    used 906K, capacity 950K, committed 1024K, reserved 1048576K
}
Event: 1.780 GC heap before
{Heap before GC invocations=4 (full 0):
 PSYoungGen      total 38400K, used 34952K [0x00000000d5b00000, 0x00000000da600000, 0x0000000100000000)
  eden space 33280K, 100% used [0x00000000d5b00000,0x00000000d7b80000,0x00000000d7b80000)
  from space 5120K, 32% used [0x00000000d7b80000,0x00000000d7d22188,0x00000000d8080000)
  to   space 5120K, 0% used [0x00000000da100000,0x00000000da100000,0x00000000da600000)
 ParOldGen       total 295936K, used 248684K [0x0000000081000000, 0x0000000093100000, 0x00000000d5b00000)
  object space 295936K, 84% used [0x0000000081000000,0x00000000902db140,0x0000000093100000)
 Metaspace       used 8582K, capacity 8663K, committed 8960K, reserved 1056768K
  class space    used 906K, capacity 950K, committed 1024K, reserved 1048576K
Event: 1.782 GC heap after
Heap after GC invocations=4 (full 0):
 PSYoungGen      total 71680K, used 1666K [0x00000000d5b00000, 0x00000000da600000, 0x0000000100000000)
  eden space 66560K, 0% used [0x00000000d5b00000,0x00000000d5b00000,0x00000000d9c00000)
  from space 5120K, 32% used [0x00000000da100000,0x00000000da2a0900,0x00000000da600000)
  to   space 5120K, 0% used [0x00000000d9c00000,0x00000000d9c00000,0x00000000da100000)
 ParOldGen       total 295936K, used 248684K [0x0000000081000000, 0x0000000093100000, 0x00000000d5b00000)
  object space 295936K, 84% used [0x0000000081000000,0x00000000902db140,0x0000000093100000)
 Metaspace       used 8582K, capacity 8663K, committed 8960K, reserved 1056768K
  class space    used 906K, capacity 950K, committed 1024K, reserved 1048576K
}
Event: 1.871 GC heap before
{Heap before GC invocations=5 (full 0):
 PSYoungGen      total 71680K, used 68226K [0x00000000d5b00000, 0x00000000da600000, 0x0000000100000000)
  eden space 66560K, 100% used [0x00000000d5b00000,0x00000000d9c00000,0x00000000d9c00000)
  from space 5120K, 32% used [0x00000000da100000,0x00000000da2a0900,0x00000000da600000)
  to   space 5120K, 0% used [0x00000000d9c00000,0x00000000d9c00000,0x00000000da100000)
 ParOldGen       total 295936K, used 248684K [0x0000000081000000, 0x0000000093100000, 0x00000000d5b00000)
  object space 295936K, 84% used [0x0000000081000000,0x00000000902db140,0x0000000093100000)
 Metaspace       used 8582K, capacity 8663K, committed 8960K, reserved 1056768K
  class space    used 906K, capacity 950K, committed 1024K, reserved 1048576K
Event: 1.873 GC heap after
Heap after GC invocations=5 (full 0):
 PSYoungGen      total 71680K, used 1672K [0x00000000d5b00000, 0x00000000de300000, 0x0000000100000000)
  eden space 66560K, 0% used [0x00000000d5b00000,0x00000000d5b00000,0x00000000d9c00000)
  from space 5120K, 32% used [0x00000000d9c00000,0x00000000d9da2188,0x00000000da100000)
  to   space 3072K, 0% used [0x00000000de000000,0x00000000de000000,0x00000000de300000)
 ParOldGen       total 295936K, used 248684K [0x0000000081000000, 0x0000000093100000, 0x00000000d5b00000)
  object space 295936K, 84% used [0x0000000081000000,0x00000000902db140,0x0000000093100000)
 Metaspace       used 8582K, capacity 8663K, committed 8960K, reserved 1056768K
  class space    used 906K, capacity 950K, committed 1024K, reserved 1048576K
}
Event: 1.956 GC heap before
{Heap before GC invocations=6 (full 0):
 PSYoungGen      total 71680K, used 68232K [0x00000000d5b00000, 0x00000000de300000, 0x0000000100000000)
  eden space 66560K, 100% used [0x00000000d5b00000,0x00000000d9c00000,0x00000000d9c00000)
  from space 5120K, 32% used [0x00000000d9c00000,0x00000000d9da2188,0x00000000da100000)
  to   space 3072K, 0% used [0x00000000de000000,0x00000000de000000,0x00000000de300000)
 ParOldGen       total 295936K, used 248684K [0x0000000081000000, 0x0000000093100000, 0x00000000d5b00000)
  object space 295936K, 84% used [0x0000000081000000,0x00000000902db140,0x0000000093100000)
 Metaspace       used 8582K, capacity 8663K, committed 8960K, reserved 1056768K
  class space    used 906K, capacity 950K, committed 1024K, reserved 1048576K
Event: 1.958 GC heap after
Heap after GC invocations=6 (full 0):
 PSYoungGen      total 135168K, used 1688K [0x00000000d5b00000, 0x00000000de200000, 0x0000000100000000)
  eden space 133120K, 0% used [0x00000000d5b00000,0x00000000d5b00000,0x00000000ddd00000)
  from space 2048K, 82% used [0x00000000de000000,0x00000000de1a6178,0x00000000de200000)
  to   space 2560K, 0% used [0x00000000ddd00000,0x00000000ddd00000,0x00000000ddf80000)
 ParOldGen       total 295936K, used 248684K [0x0000000081000000, 0x0000000093100000, 0x00000000d5b00000)
  object space 295936K, 84% used [0x0000000081000000,0x00000000902db140,0x0000000093100000)
 Metaspace       used 8582K, capacity 8663K, committed 8960K, reserved 1056768K
  class space    used 906K, capacity 950K, committed 1024K, reserved 1048576K
}
Event: 2.136 GC heap before
{Heap before GC invocations=7 (full 0):
 PSYoungGen      total 135168K, used 134808K [0x00000000d5b00000, 0x00000000de200000, 0x0000000100000000)
  eden space 133120K, 100% used [0x00000000d5b00000,0x00000000ddd00000,0x00000000ddd00000)
  from space 2048K, 82% used [0x00000000de000000,0x00000000de1a6178,0x00000000de200000)
  to   space 2560K, 0% used [0x00000000ddd00000,0x00000000ddd00000,0x00000000ddf80000)
 ParOldGen       total 295936K, used 248684K [0x0000000081000000, 0x0000000093100000, 0x00000000d5b00000)
  object space 295936K, 84% used [0x0000000081000000,0x00000000902db140,0x0000000093100000)
 Metaspace       used 8582K, capacity 8663K, committed 8960K, reserved 1056768K
  class space    used 906K, capacity 950K, committed 1024K, reserved 1048576K
Event: 2.138 GC heap after
Heap after GC invocations=7 (full 0):
 PSYoungGen      total 135680K, used 0K [0x00000000d5b00000, 0x00000000e6500000, 0x0000000100000000)
  eden space 133120K, 0% used [0x00000000d5b00000,0x00000000d5b00000,0x00000000ddd00000)
  from space 2560K, 0% used [0x00000000ddd00000,0x00000000ddd00000,0x00000000ddf80000)
  to   space 3072K, 0% used [0x00000000e6200000,0x00000000e6200000,0x00000000e6500000)
 ParOldGen       total 295936K, used 250317K [0x0000000081000000, 0x0000000093100000, 0x00000000d5b00000)
  object space 295936K, 84% used [0x0000000081000000,0x0000000090473480,0x0000000093100000)
 Metaspace       used 8582K, capacity 8663K, committed 8960K, reserved 1056768K
  class space    used 906K, capacity 950K, committed 1024K, reserved 1048576K
}

